# JRE version: OpenJDK Runtime Environment Temurin-21.0.9+10 (21.0.9+10) (build 21.0.9+10-LTS)
# Java VM: OpenJDK 64-Bit Server VM Temurin-21.0.9+10 (21.0.9+10-LTS, mixed mode, sharing, tiered, compressed oops, compressed class ptrs, parallel gc, windows-amd64)
GC Precious Log:
 CardTable entry size: 512
 CPUs: 4 total, 4 available
 Memory: 3891M
 Large Page Support: Disabled
 NUMA Support: Disabled
 Compressed Oops: Enabled (32-bit)
 Alignments: Space 512K, Generation 512K, Heap 2M
 Heap Min Capacity: 100M
 Heap Initial Capacity: 100M
 Heap Max Capacity: 2G
 Pre-touch: Disabled
 Parallel Workers: 4
Heap:
 PSYoungGen      total 14336K, used 11877K [0x00000000d5580000, 0x00000000d6c00000, 0x0000000100000000)
  eden space 11776K, 79% used [0x00000000d5580000,0x00000000d5e9e5d8,0x00000000d6100000)
  from space 2560K, 99% used [0x00000000d6180000,0x00000000d63fb0c0,0x00000000d6400000)
  to   space 5632K, 0% used [0x00000000d6680000,0x00000000d6680000,0x00000000d6c00000)
 ParOldGen       total 104448K, used 104342K [0x0000000080000000, 0x0000000086600000, 0x00000000d5580000)
  object space 104448K, 99% used [0x0000000080000000,0x00000000865e5980,0x0000000086600000)
 Metaspace       used 59270K, committed 60672K, reserved 1114112K
  class space    used 6363K, committed 6976K, reserved 1048576K
GC Heap History (20 events):
Event: 42.194 GC heap before
{Heap before GC invocations=49 (full 3):
 PSYoungGen      total 19456K, used 19432K [0x00000000d5580000, 0x00000000d6c80000, 0x0000000100000000)
  eden space 17408K, 100% used [0x00000000d5580000,0x00000000d6680000,0x00000000d6680000)
  from space 2048K, 98% used [0x00000000d6880000,0x00000000d6a7a098,0x00000000d6a80000)
  to   space 2048K, 0% used [0x00000000d6a80000,0x00000000d6a80000,0x00000000d6c80000)
 ParOldGen       total 81920K, used 75352K [0x0000000080000000, 0x0000000085000000, 0x00000000d5580000)
  object space 81920K, 91% used [0x0000000080000000,0x0000000084996040,0x0000000085000000)
 Metaspace       used 59268K, committed 60672K, reserved 1114112K
  class space    used 6363K, committed 6976K, reserved 1048576K
}
Event: 42.199 GC heap after
{Heap after GC invocations=49 (full 3):
 PSYoungGen      total 16896K, used 2042K [0x00000000d5580000, 0x00000000d7380000, 0x0000000100000000)
  eden space 14848K, 0% used [0x00000000d5580000,0x00000000d5580000,0x00000000d6400000)
  from space 2048K, 99% used [0x00000000d6a80000,0x00000000d6c7ebe8,0x00000000d6c80000)
  to   space 6656K, 0% used [0x00000000d6400000,0x00000000d6400000,0x00000000d6a80000)
 ParOldGen       total 81920K, used 79044K [0x0000000080000000, 0x0000000085000000, 0x00000000d5580000)
  object space 81920K, 96% used [0x0000000080000000,0x0000000084d31090,0x0000000085000000)
 Metaspace       used 59268K, committed 60672K, reserved 1114112K
  class space    used 6363K, committed 6976K, reserved 1048576K
}
Event: 42.426 GC heap before
{Heap before GC invocations=50 (full 3):
 PSYoungGen      total 16896K, used 16890K [0x00000000d5580000, 0x00000000d7380000, 0x0000000100000000)
  eden space 14848K, 100% used [0x00000000d5580000,0x00000000d6400000,0x00000000d6400000)
  from space 2048K, 99% used [0x00000000d6a80000,0x00000000d6c7ebe8,0x00000000d6c80000)
  to   space 6656K, 0% used [0x00000000d6400000,0x00000000d6400000,0x00000000d6a80000)
 ParOldGen       total 81920K, used 79044K [0x0000000080000000, 0x0000000085000000, 0x00000000d5580000)
  object space 81920K, 96% used [0x0000000080000000,0x0000000084d31090,0x0000000085000000)
 Metaspace       used 59268K, committed 60672K, reserved 1114112K
  class space    used 6363K, committed 6976K, reserved 1048576K
}
Event: 42.434 GC heap after
{Heap after GC invocations=50 (full 3):
 PSYoungGen      total 18432K, used 3360K [0x00000000d5580000, 0x00000000d6d00000, 0x0000000100000000)
  eden space 14848K, 0% used [0x00000000d5580000,0x00000000d5580000,0x00000000d6400000)
  from space 3584K, 93% used [0x00000000d6400000,0x00000000d6748020,0x00000000d6780000)
  to   space 4608K, 0% used [0x00000000d6880000,0x00000000d6880000,0x00000000d6d00000)
 ParOldGen       total 81920K, used 81003K [0x0000000080000000, 0x0000000085000000, 0x00000000d5580000)
  object space 81920K, 98% used [0x0000000080000000,0x0000000084f1adf0,0x0000000085000000)
 Metaspace       used 59268K, committed 60672K, reserved 1114112K
  class space    used 6363K, committed 6976K, reserved 1048576K
}
Event: 42.814 GC heap before
{Heap before GC invocations=51 (full 3):
 PSYoungGen      total 18432K, used 18208K [0x00000000d5580000, 0x00000000d6d00000, 0x0000000100000000)
  eden space 14848K, 100% used [0x00000000d5580000,0x00000000d6400000,0x00000000d6400000)
  from space 3584K, 93% used [0x00000000d6400000,0x00000000d6748020,0x00000000d6780000)
  to   space 4608K, 0% used [0x00000000d6880000,0x00000000d6880000,0x00000000d6d00000)
 ParOldGen       total 81920K, used 81003K [0x0000000080000000, 0x0000000085000000, 0x00000000d5580000)
  object space 81920K, 98% used [0x0000000080000000,0x0000000084f1adf0,0x0000000085000000)
 Metaspace       used 59268K, committed 60672K, reserved 1114112K
  class space    used 6363K, committed 6976K, reserved 1048576K
}
Event: 42.818 GC heap after
{Heap after GC invocations=51 (full 3):
 PSYoungGen      total 18944K, used 3605K [0x00000000d5580000, 0x00000000d6c80000, 0x0000000100000000)
  eden space 14848K, 0% used [0x00000000d5580000,0x00000000d5580000,0x00000000d6400000)
  from space 4096K, 88% used [0x00000000d6880000,0x00000000d6c05470,0x00000000d6c80000)
  to   space 4096K, 0% used [0x00000000d6480000,0x00000000d6480000,0x00000000d6880000)
 ParOldGen       total 84480K, used 84188K [0x0000000080000000, 0x0000000085280000, 0x00000000d5580000)
  object space 84480K, 99% used [0x0000000080000000,0x0000000085237090,0x0000000085280000)
 Metaspace       used 59268K, committed 60672K, reserved 1114112K
  class space    used 6363K, committed 6976K, reserved 1048576K
}
Event: 43.007 GC heap before
{Heap before GC invocations=52 (full 3):
 PSYoungGen      total 18944K, used 18453K [0x00000000d5580000, 0x00000000d6c80000, 0x0000000100000000)
  eden space 14848K, 100% used [0x00000000d5580000,0x00000000d6400000,0x00000000d6400000)
  from space 4096K, 88% used [0x00000000d6880000,0x00000000d6c05470,0x00000000d6c80000)
  to   space 4096K, 0% used [0x00000000d6480000,0x00000000d6480000,0x00000000d6880000)
 ParOldGen       total 84480K, used 84188K [0x0000000080000000, 0x0000000085280000, 0x00000000d5580000)
  object space 84480K, 99% used [0x0000000080000000,0x0000000085237090,0x0000000085280000)
 Metaspace       used 59270K, committed 60672K, reserved 1114112K
  class space    used 6363K, committed 6976K, reserved 1048576K
}
Event: 43.014 GC heap after
{Heap after GC invocations=52 (full 3):
 PSYoungGen      total 18432K, used 3445K [0x00000000d5580000, 0x00000000d6b00000, 0x0000000100000000)
  eden space 14848K, 0% used [0x00000000d5580000,0x00000000d5580000,0x00000000d6400000)
  from space 3584K, 96% used [0x00000000d6480000,0x00000000d67dd468,0x00000000d6800000)
  to   space 3072K, 0% used [0x00000000d6800000,0x00000000d6800000,0x00000000d6b00000)
 ParOldGen       total 88064K, used 87625K [0x0000000080000000, 0x0000000085600000, 0x00000000d5580000)
  object space 88064K, 99% used [0x0000000080000000,0x0000000085592730,0x0000000085600000)
 Metaspace       used 59270K, committed 60672K, reserved 1114112K
  class space    used 6363K, committed 6976K, reserved 1048576K
}
Event: 43.460 GC heap before
{Heap before GC invocations=53 (full 3):
 PSYoungGen      total 18432K, used 18293K [0x00000000d5580000, 0x00000000d6b00000, 0x0000000100000000)
  eden space 14848K, 100% used [0x00000000d5580000,0x00000000d6400000,0x00000000d6400000)
  from space 3584K, 96% used [0x00000000d6480000,0x00000000d67dd468,0x00000000d6800000)
  to   space 3072K, 0% used [0x00000000d6800000,0x00000000d6800000,0x00000000d6b00000)
 ParOldGen       total 88064K, used 87625K [0x0000000080000000, 0x0000000085600000, 0x00000000d5580000)
  object space 88064K, 99% used [0x0000000080000000,0x0000000085592730,0x0000000085600000)
 Metaspace       used 59270K, committed 60672K, reserved 1114112K
  class space    used 6363K, committed 6976K, reserved 1048576K
}
Event: 43.465 GC heap after
{Heap after GC invocations=53 (full 3):
 PSYoungGen      total 14848K, used 3068K [0x00000000d5580000, 0x00000000d7200000, 0x0000000100000000)
  eden space 11776K, 0% used [0x00000000d5580000,0x00000000d5580000,0x00000000d6100000)
  from space 3072K, 99% used [0x00000000d6800000,0x00000000d6aff088,0x00000000d6b00000)
  to   space 7168K, 0% used [0x00000000d6100000,0x00000000d6100000,0x00000000d6800000)
 ParOldGen       total 91648K, used 91140K [0x0000000080000000, 0x0000000085980000, 0x00000000d5580000)
  object space 91648K, 99% used [0x0000000080000000,0x0000000085901160,0x0000000085980000)
 Metaspace       used 59270K, committed 60672K, reserved 1114112K
  class space    used 6363K, committed 6976K, reserved 1048576K
}
Event: 43.631 GC heap before
{Heap before GC invocations=54 (full 3):
 PSYoungGen      total 14848K, used 14844K [0x00000000d5580000, 0x00000000d7200000, 0x0000000100000000)
  eden space 11776K, 100% used [0x00000000d5580000,0x00000000d6100000,0x00000000d6100000)
  from space 3072K, 99% used [0x00000000d6800000,0x00000000d6aff088,0x00000000d6b00000)
  to   space 7168K, 0% used [0x00000000d6100000,0x00000000d6100000,0x00000000d6800000)
 ParOldGen       total 91648K, used 91140K [0x0000000080000000, 0x0000000085980000, 0x00000000d5580000)
  object space 91648K, 99% used [0x0000000080000000,0x0000000085901160,0x0000000085980000)
 Metaspace       used 59270K, committed 60672K, reserved 1114112K
  class space    used 6363K, committed 6976K, reserved 1048576K
}
Event: 43.639 GC heap after
{Heap after GC invocations=54 (full 3):
 PSYoungGen      total 14848K, used 2826K [0x00000000d5580000, 0x00000000d6a00000, 0x0000000100000000)
  eden space 11776K, 0% used [0x00000000d5580000,0x00000000d5580000,0x00000000d6100000)
  from space 3072K, 92% used [0x00000000d6100000,0x00000000d63c2bb0,0x00000000d6400000)
  to   space 4608K, 0% used [0x00000000d6580000,0x00000000d6580000,0x00000000d6a00000)
 ParOldGen       total 94208K, used 94171K [0x0000000080000000, 0x0000000085c00000, 0x00000000d5580000)
  object space 94208K, 99% used [0x0000000080000000,0x0000000085bf6c30,0x0000000085c00000)
 Metaspace       used 59270K, committed 60672K, reserved 1114112K
  class space    used 6363K, committed 6976K, reserved 1048576K
}
Event: 43.767 GC heap before
{Heap before GC invocations=55 (full 3):
 PSYoungGen      total 14848K, used 14602K [0x00000000d5580000, 0x00000000d6a00000, 0x0000000100000000)
  eden space 11776K, 100% used [0x00000000d5580000,0x00000000d6100000,0x00000000d6100000)
  from space 3072K, 92% used [0x00000000d6100000,0x00000000d63c2bb0,0x00000000d6400000)
  to   space 4608K, 0% used [0x00000000d6580000,0x00000000d6580000,0x00000000d6a00000)
 ParOldGen       total 94208K, used 94171K [0x0000000080000000, 0x0000000085c00000, 0x00000000d5580000)
  object space 94208K, 99% used [0x0000000080000000,0x0000000085bf6c30,0x0000000085c00000)
 Metaspace       used 59270K, committed 60672K, reserved 1114112K
  class space    used 6363K, committed 6976K, reserved 1048576K
}
Event: 43.772 GC heap after
{Heap after GC invocations=55 (full 3):
 PSYoungGen      total 14848K, used 2620K [0x00000000d5580000, 0x00000000d6880000, 0x0000000100000000)
  eden space 11776K, 0% used [0x00000000d5580000,0x00000000d5580000,0x00000000d6100000)
  from space 3072K, 85% used [0x00000000d6580000,0x00000000d680f000,0x00000000d6880000)
  to   space 3072K, 0% used [0x00000000d6100000,0x00000000d6100000,0x00000000d6400000)
 ParOldGen       total 97280K, used 96855K [0x0000000080000000, 0x0000000085f00000, 0x00000000d5580000)
  object space 97280K, 99% used [0x0000000080000000,0x0000000085e95f68,0x0000000085f00000)
 Metaspace       used 59270K, committed 60672K, reserved 1114112K
  class space    used 6363K, committed 6976K, reserved 1048576K
}
Event: 43.905 GC heap before
{Heap before GC invocations=56 (full 3):
 PSYoungGen      total 14848K, used 14396K [0x00000000d5580000, 0x00000000d6880000, 0x0000000100000000)
  eden space 11776K, 100% used [0x00000000d5580000,0x00000000d6100000,0x00000000d6100000)
  from space 3072K, 85% used [0x00000000d6580000,0x00000000d680f000,0x00000000d6880000)
  to   space 3072K, 0% used [0x00000000d6100000,0x00000000d6100000,0x00000000d6400000)
 ParOldGen       total 97280K, used 96855K [0x0000000080000000, 0x0000000085f00000, 0x00000000d5580000)
  object space 97280K, 99% used [0x0000000080000000,0x0000000085e95f68,0x0000000085f00000)
 Metaspace       used 59270K, committed 60672K, reserved 1114112K
  class space    used 6363K, committed 6976K, reserved 1048576K
}
Event: 43.910 GC heap after
{Heap after GC invocations=56 (full 3):
 PSYoungGen      total 14848K, used 2513K [0x00000000d5580000, 0x00000000d6700000, 0x0000000100000000)
  eden space 11776K, 0% used [0x00000000d5580000,0x00000000d5580000,0x00000000d6100000)
  from space 3072K, 81% used [0x00000000d6100000,0x00000000d6374610,0x00000000d6400000)
  to   space 3072K, 0% used [0x00000000d6400000,0x00000000d6400000,0x00000000d6700000)
 ParOldGen       total 99840K, used 99377K [0x0000000080000000, 0x0000000086180000, 0x00000000d5580000)
  object space 99840K, 99% used [0x0000000080000000,0x000000008610c6f8,0x0000000086180000)
 Metaspace       used 59270K, committed 60672K, reserved 1114112K
  class space    used 6363K, committed 6976K, reserved 1048576K
}
Event: 43.999 GC heap before
{Heap before GC invocations=57 (full 3):
 PSYoungGen      total 14848K, used 14289K [0x00000000d5580000, 0x00000000d6700000, 0x0000000100000000)
  eden space 11776K, 100% used [0x00000000d5580000,0x00000000d6100000,0x00000000d6100000)
  from space 3072K, 81% used [0x00000000d6100000,0x00000000d6374610,0x00000000d6400000)
  to   space 3072K, 0% used [0x00000000d6400000,0x00000000d6400000,0x00000000d6700000)
 ParOldGen       total 99840K, used 99377K [0x0000000080000000, 0x0000000086180000, 0x00000000d5580000)
  object space 99840K, 99% used [0x0000000080000000,0x000000008610c6f8,0x0000000086180000)
 Metaspace       used 59270K, committed 60672K, reserved 1114112K
  class space    used 6363K, committed 6976K, reserved 1048576K
}
Event: 44.005 GC heap after
{Heap after GC invocations=57 (full 3):
 PSYoungGen      total 14336K, used 2543K [0x00000000d5580000, 0x00000000d6680000, 0x0000000100000000)
  eden space 11776K, 0% used [0x00000000d5580000,0x00000000d5580000,0x00000000d6100000)
  from space 2560K, 99% used [0x00000000d6400000,0x00000000d667be68,0x00000000d6680000)
  to   space 2560K, 0% used [0x00000000d6180000,0x00000000d6180000,0x00000000d6400000)
 ParOldGen       total 101888K, used 101830K [0x0000000080000000, 0x0000000086380000, 0x00000000d5580000)
  object space 101888K, 99% used [0x0000000080000000,0x0000000086371878,0x0000000086380000)
 Metaspace       used 59270K, committed 60672K, reserved 1114112K
  class space    used 6363K, committed 6976K, reserved 1048576K
}
Event: 44.226 GC heap before
{Heap before GC invocations=58 (full 3):
 PSYoungGen      total 14336K, used 14319K [0x00000000d5580000, 0x00000000d6680000, 0x0000000100000000)
  eden space 11776K, 100% used [0x00000000d5580000,0x00000000d6100000,0x00000000d6100000)
  from space 2560K, 99% used [0x00000000d6400000,0x00000000d667be68,0x00000000d6680000)
  to   space 2560K, 0% used [0x00000000d6180000,0x00000000d6180000,0x00000000d6400000)
 ParOldGen       total 101888K, used 101830K [0x0000000080000000, 0x0000000086380000, 0x00000000d5580000)
  object space 101888K, 99% used [0x0000000080000000,0x0000000086371878,0x0000000086380000)
 Metaspace       used 59270K, committed 60672K, reserved 1114112K
  class space    used 6363K, committed 6976K, reserved 1048576K
}
Event: 44.233 GC heap after
{Heap after GC invocations=58 (full 3):
 PSYoungGen      total 14336K, used 2540K [0x00000000d5580000, 0x00000000d6c00000, 0x0000000100000000)
  eden space 11776K, 0% used [0x00000000d5580000,0x00000000d5580000,0x00000000d6100000)
  from space 2560K, 99% used [0x00000000d6180000,0x00000000d63fb0c0,0x00000000d6400000)
  to   space 5632K, 0% used [0x00000000d6680000,0x00000000d6680000,0x00000000d6c00000)
 ParOldGen       total 104448K, used 104342K [0x0000000080000000, 0x0000000086600000, 0x00000000d5580000)
  object space 104448K, 99% used [0x0000000080000000,0x00000000865e5980,0x0000000086600000)
 Metaspace       used 59270K, committed 60672K, reserved 1114112K
  class space    used 6363K, committed 6976K, reserved 1048576K
}

