# JRE version: OpenJDK Runtime Environment Temurin-21.0.9+10 (21.0.9+10) (build 21.0.9+10-LTS)
# Java VM: OpenJDK 64-Bit Server VM Temurin-21.0.9+10 (21.0.9+10-LTS, mixed mode, sharing, tiered, compressed oops, compressed class ptrs, parallel gc, windows-amd64)
GC Precious Log:
 CardTable entry size: 512
 CPUs: 4 total, 4 available
 Memory: 3891M
 Large Page Support: Disabled
 NUMA Support: Disabled
 Compressed Oops: Enabled (32-bit)
 Alignments: Space 512K, Generation 512K, Heap 2M
 Heap Min Capacity: 100M
 Heap Initial Capacity: 100M
 Heap Max Capacity: 2G
 Pre-touch: Disabled
 Parallel Workers: 4
Heap:
 PSYoungGen      total 22016K, used 20480K [0x00000000d5580000, 0x00000000d6d80000, 0x0000000100000000)
  eden space 20480K, 100% used [0x00000000d5580000,0x00000000d6980000,0x00000000d6980000)
  from space 1536K, 0% used [0x00000000d6b00000,0x00000000d6b00000,0x00000000d6c80000)
  to   space 1024K, 0% used [0x00000000d6c80000,0x00000000d6c80000,0x00000000d6d80000)
 ParOldGen       total 68608K, used 46138K [0x0000000080000000, 0x0000000084300000, 0x00000000d5580000)
  object space 68608K, 67% used [0x0000000080000000,0x0000000082d0e968,0x0000000084300000)
 Metaspace       used 59931K, committed 61184K, reserved 1114112K
  class space    used 6519K, committed 7040K, reserved 1048576K
GC Heap History (20 events):
Event: 174.785 GC heap before
{Heap before GC invocations=29 (full 2):
 PSYoungGen      total 22528K, used 22468K [0x00000000d5580000, 0x00000000d6d80000, 0x0000000100000000)
  eden space 20480K, 100% used [0x00000000d5580000,0x00000000d6980000,0x00000000d6980000)
  from space 2048K, 97% used [0x00000000d6b80000,0x00000000d6d71000,0x00000000d6d80000)
  to   space 2048K, 0% used [0x00000000d6980000,0x00000000d6980000,0x00000000d6b80000)
 ParOldGen       total 68608K, used 35839K [0x0000000080000000, 0x0000000084300000, 0x00000000d5580000)
  object space 68608K, 52% used [0x0000000080000000,0x00000000822ffe60,0x0000000084300000)
 Metaspace       used 52437K, committed 53568K, reserved 1114112K
  class space    used 5769K, committed 6272K, reserved 1048576K
}
Event: 174.790 GC heap after
{Heap after GC invocations=29 (full 2):
 PSYoungGen      total 22528K, used 1984K [0x00000000d5580000, 0x00000000d6d80000, 0x0000000100000000)
  eden space 20480K, 0% used [0x00000000d5580000,0x00000000d5580000,0x00000000d6980000)
  from space 2048K, 96% used [0x00000000d6980000,0x00000000d6b70010,0x00000000d6b80000)
  to   space 2048K, 0% used [0x00000000d6b80000,0x00000000d6b80000,0x00000000d6d80000)
 ParOldGen       total 68608K, used 37727K [0x0000000080000000, 0x0000000084300000, 0x00000000d5580000)
  object space 68608K, 54% used [0x0000000080000000,0x00000000824d7f60,0x0000000084300000)
 Metaspace       used 52437K, committed 53568K, reserved 1114112K
  class space    used 5769K, committed 6272K, reserved 1048576K
}
Event: 174.852 GC heap before
{Heap before GC invocations=30 (full 2):
 PSYoungGen      total 22528K, used 22464K [0x00000000d5580000, 0x00000000d6d80000, 0x0000000100000000)
  eden space 20480K, 100% used [0x00000000d5580000,0x00000000d6980000,0x00000000d6980000)
  from space 2048K, 96% used [0x00000000d6980000,0x00000000d6b70010,0x00000000d6b80000)
  to   space 2048K, 0% used [0x00000000d6b80000,0x00000000d6b80000,0x00000000d6d80000)
 ParOldGen       total 68608K, used 37727K [0x0000000080000000, 0x0000000084300000, 0x00000000d5580000)
  object space 68608K, 54% used [0x0000000080000000,0x00000000824d7f60,0x0000000084300000)
 Metaspace       used 52448K, committed 53632K, reserved 1114112K
  class space    used 5769K, committed 6272K, reserved 1048576K
}
Event: 174.858 GC heap after
{Heap after GC invocations=30 (full 2):
 PSYoungGen      total 22528K, used 1752K [0x00000000d5580000, 0x00000000d6d80000, 0x0000000100000000)
  eden space 20480K, 0% used [0x00000000d5580000,0x00000000d5580000,0x00000000d6980000)
  from space 2048K, 85% used [0x00000000d6b80000,0x00000000d6d36200,0x00000000d6d80000)
  to   space 2048K, 0% used [0x00000000d6980000,0x00000000d6980000,0x00000000d6b80000)
 ParOldGen       total 68608K, used 39671K [0x0000000080000000, 0x0000000084300000, 0x00000000d5580000)
  object space 68608K, 57% used [0x0000000080000000,0x00000000826bdf70,0x0000000084300000)
 Metaspace       used 52448K, committed 53632K, reserved 1114112K
  class space    used 5769K, committed 6272K, reserved 1048576K
}
Event: 176.532 GC heap before
{Heap before GC invocations=31 (full 2):
 PSYoungGen      total 22528K, used 22196K [0x00000000d5580000, 0x00000000d6d80000, 0x0000000100000000)
  eden space 20480K, 99% used [0x00000000d5580000,0x00000000d6977090,0x00000000d6980000)
  from space 2048K, 85% used [0x00000000d6b80000,0x00000000d6d36200,0x00000000d6d80000)
  to   space 2048K, 0% used [0x00000000d6980000,0x00000000d6980000,0x00000000d6b80000)
 ParOldGen       total 68608K, used 39671K [0x0000000080000000, 0x0000000084300000, 0x00000000d5580000)
  object space 68608K, 57% used [0x0000000080000000,0x00000000826bdf70,0x0000000084300000)
 Metaspace       used 53940K, committed 55232K, reserved 1114112K
  class space    used 5906K, committed 6464K, reserved 1048576K
}
Event: 176.538 GC heap after
{Heap after GC invocations=31 (full 2):
 PSYoungGen      total 22528K, used 2048K [0x00000000d5580000, 0x00000000d7680000, 0x0000000100000000)
  eden space 20480K, 0% used [0x00000000d5580000,0x00000000d5580000,0x00000000d6980000)
  from space 2048K, 100% used [0x00000000d6980000,0x00000000d6b80000,0x00000000d6b80000)
  to   space 6656K, 0% used [0x00000000d7000000,0x00000000d7000000,0x00000000d7680000)
 ParOldGen       total 68608K, used 43185K [0x0000000080000000, 0x0000000084300000, 0x00000000d5580000)
  object space 68608K, 62% used [0x0000000080000000,0x0000000082a2c460,0x0000000084300000)
 Metaspace       used 53940K, committed 55232K, reserved 1114112K
  class space    used 5906K, committed 6464K, reserved 1048576K
}
Event: 178.421 GC heap before
{Heap before GC invocations=32 (full 2):
 PSYoungGen      total 22528K, used 22514K [0x00000000d5580000, 0x00000000d7680000, 0x0000000100000000)
  eden space 20480K, 99% used [0x00000000d5580000,0x00000000d697cb80,0x00000000d6980000)
  from space 2048K, 100% used [0x00000000d6980000,0x00000000d6b80000,0x00000000d6b80000)
  to   space 6656K, 0% used [0x00000000d7000000,0x00000000d7000000,0x00000000d7680000)
 ParOldGen       total 68608K, used 43185K [0x0000000080000000, 0x0000000084300000, 0x00000000d5580000)
  object space 68608K, 62% used [0x0000000080000000,0x0000000082a2c460,0x0000000084300000)
 Metaspace       used 56071K, committed 57344K, reserved 1114112K
  class space    used 6153K, committed 6720K, reserved 1048576K
}
Event: 178.429 GC heap after
{Heap after GC invocations=32 (full 2):
 PSYoungGen      total 22528K, used 1885K [0x00000000d5580000, 0x00000000d7200000, 0x0000000100000000)
  eden space 20480K, 0% used [0x00000000d5580000,0x00000000d5580000,0x00000000d6980000)
  from space 2048K, 92% used [0x00000000d7000000,0x00000000d71d7558,0x00000000d7200000)
  to   space 3584K, 0% used [0x00000000d6b00000,0x00000000d6b00000,0x00000000d6e80000)
 ParOldGen       total 68608K, used 45242K [0x0000000080000000, 0x0000000084300000, 0x00000000d5580000)
  object space 68608K, 65% used [0x0000000080000000,0x0000000082c2eb78,0x0000000084300000)
 Metaspace       used 56071K, committed 57344K, reserved 1114112K
  class space    used 6153K, committed 6720K, reserved 1048576K
}
Event: 179.549 GC heap before
{Heap before GC invocations=33 (full 2):
 PSYoungGen      total 22528K, used 22365K [0x00000000d5580000, 0x00000000d7200000, 0x0000000100000000)
  eden space 20480K, 100% used [0x00000000d5580000,0x00000000d6980000,0x00000000d6980000)
  from space 2048K, 92% used [0x00000000d7000000,0x00000000d71d7558,0x00000000d7200000)
  to   space 3584K, 0% used [0x00000000d6b00000,0x00000000d6b00000,0x00000000d6e80000)
 ParOldGen       total 68608K, used 45242K [0x0000000080000000, 0x0000000084300000, 0x00000000d5580000)
  object space 68608K, 65% used [0x0000000080000000,0x0000000082c2eb78,0x0000000084300000)
 Metaspace       used 56789K, committed 58112K, reserved 1114112K
  class space    used 6227K, committed 6784K, reserved 1048576K
}
Event: 179.552 GC heap after
{Heap after GC invocations=33 (full 2):
 PSYoungGen      total 24064K, used 1706K [0x00000000d5580000, 0x00000000d7080000, 0x0000000100000000)
  eden space 20480K, 0% used [0x00000000d5580000,0x00000000d5580000,0x00000000d6980000)
  from space 3584K, 47% used [0x00000000d6b00000,0x00000000d6caa940,0x00000000d6e80000)
  to   space 2048K, 0% used [0x00000000d6e80000,0x00000000d6e80000,0x00000000d7080000)
 ParOldGen       total 68608K, used 47039K [0x0000000080000000, 0x0000000084300000, 0x00000000d5580000)
  object space 68608K, 68% used [0x0000000080000000,0x0000000082deff18,0x0000000084300000)
 Metaspace       used 56789K, committed 58112K, reserved 1114112K
  class space    used 6227K, committed 6784K, reserved 1048576K
}
Event: 180.663 GC heap before
{Heap before GC invocations=34 (full 2):
 PSYoungGen      total 24064K, used 22186K [0x00000000d5580000, 0x00000000d7080000, 0x0000000100000000)
  eden space 20480K, 100% used [0x00000000d5580000,0x00000000d6980000,0x00000000d6980000)
  from space 3584K, 47% used [0x00000000d6b00000,0x00000000d6caa940,0x00000000d6e80000)
  to   space 2048K, 0% used [0x00000000d6e80000,0x00000000d6e80000,0x00000000d7080000)
 ParOldGen       total 68608K, used 47039K [0x0000000080000000, 0x0000000084300000, 0x00000000d5580000)
  object space 68608K, 68% used [0x0000000080000000,0x0000000082deff18,0x0000000084300000)
 Metaspace       used 57839K, committed 59136K, reserved 1114112K
  class space    used 6329K, committed 6912K, reserved 1048576K
}
Event: 180.668 GC heap after
{Heap after GC invocations=34 (full 2):
 PSYoungGen      total 22528K, used 2019K [0x00000000d5580000, 0x00000000d7280000, 0x0000000100000000)
  eden space 20480K, 0% used [0x00000000d5580000,0x00000000d5580000,0x00000000d6980000)
  from space 2048K, 98% used [0x00000000d6e80000,0x00000000d7078db0,0x00000000d7080000)
  to   space 4608K, 0% used [0x00000000d6980000,0x00000000d6980000,0x00000000d6e00000)
 ParOldGen       total 68608K, used 48939K [0x0000000080000000, 0x0000000084300000, 0x00000000d5580000)
  object space 68608K, 71% used [0x0000000080000000,0x0000000082fcafb0,0x0000000084300000)
 Metaspace       used 57839K, committed 59136K, reserved 1114112K
  class space    used 6329K, committed 6912K, reserved 1048576K
}
Event: 180.986 GC heap before
{Heap before GC invocations=35 (full 2):
 PSYoungGen      total 22528K, used 22499K [0x00000000d5580000, 0x00000000d7280000, 0x0000000100000000)
  eden space 20480K, 100% used [0x00000000d5580000,0x00000000d6980000,0x00000000d6980000)
  from space 2048K, 98% used [0x00000000d6e80000,0x00000000d7078db0,0x00000000d7080000)
  to   space 4608K, 0% used [0x00000000d6980000,0x00000000d6980000,0x00000000d6e00000)
 ParOldGen       total 68608K, used 48939K [0x0000000080000000, 0x0000000084300000, 0x00000000d5580000)
  object space 68608K, 71% used [0x0000000080000000,0x0000000082fcafb0,0x0000000084300000)
 Metaspace       used 57880K, committed 59200K, reserved 1114112K
  class space    used 6330K, committed 6912K, reserved 1048576K
}
Event: 180.990 GC heap after
{Heap after GC invocations=35 (full 2):
 PSYoungGen      total 21504K, used 969K [0x00000000d5580000, 0x00000000d6f00000, 0x0000000100000000)
  eden space 20480K, 0% used [0x00000000d5580000,0x00000000d5580000,0x00000000d6980000)
  from space 1024K, 94% used [0x00000000d6980000,0x00000000d6a726c8,0x00000000d6a80000)
  to   space 2048K, 0% used [0x00000000d6d00000,0x00000000d6d00000,0x00000000d6f00000)
 ParOldGen       total 68608K, used 50637K [0x0000000080000000, 0x0000000084300000, 0x00000000d5580000)
  object space 68608K, 73% used [0x0000000080000000,0x0000000083173678,0x0000000084300000)
 Metaspace       used 57880K, committed 59200K, reserved 1114112K
  class space    used 6330K, committed 6912K, reserved 1048576K
}
Event: 181.450 GC heap before
{Heap before GC invocations=36 (full 2):
 PSYoungGen      total 21504K, used 21449K [0x00000000d5580000, 0x00000000d6f00000, 0x0000000100000000)
  eden space 20480K, 100% used [0x00000000d5580000,0x00000000d6980000,0x00000000d6980000)
  from space 1024K, 94% used [0x00000000d6980000,0x00000000d6a726c8,0x00000000d6a80000)
  to   space 2048K, 0% used [0x00000000d6d00000,0x00000000d6d00000,0x00000000d6f00000)
 ParOldGen       total 68608K, used 50637K [0x0000000080000000, 0x0000000084300000, 0x00000000d5580000)
  object space 68608K, 73% used [0x0000000080000000,0x0000000083173678,0x0000000084300000)
 Metaspace       used 58417K, committed 59648K, reserved 1114112K
  class space    used 6376K, committed 6912K, reserved 1048576K
}
Event: 181.453 GC heap after
{Heap after GC invocations=36 (full 2):
 PSYoungGen      total 21504K, used 1020K [0x00000000d5580000, 0x00000000d6e00000, 0x0000000100000000)
  eden space 20480K, 0% used [0x00000000d5580000,0x00000000d5580000,0x00000000d6980000)
  from space 1024K, 99% used [0x00000000d6d00000,0x00000000d6dff378,0x00000000d6e00000)
  to   space 1536K, 0% used [0x00000000d6b00000,0x00000000d6b00000,0x00000000d6c80000)
 ParOldGen       total 68608K, used 50677K [0x0000000080000000, 0x0000000084300000, 0x00000000d5580000)
  object space 68608K, 73% used [0x0000000080000000,0x000000008317d678,0x0000000084300000)
 Metaspace       used 58417K, committed 59648K, reserved 1114112K
  class space    used 6376K, committed 6912K, reserved 1048576K
}
Event: 181.569 GC heap before
{Heap before GC invocations=37 (full 2):
 PSYoungGen      total 21504K, used 3322K [0x00000000d5580000, 0x00000000d6e00000, 0x0000000100000000)
  eden space 20480K, 11% used [0x00000000d5580000,0x00000000d57bf518,0x00000000d6980000)
  from space 1024K, 99% used [0x00000000d6d00000,0x00000000d6dff378,0x00000000d6e00000)
  to   space 1536K, 0% used [0x00000000d6b00000,0x00000000d6b00000,0x00000000d6c80000)
 ParOldGen       total 68608K, used 50677K [0x0000000080000000, 0x0000000084300000, 0x00000000d5580000)
  object space 68608K, 73% used [0x0000000080000000,0x000000008317d678,0x0000000084300000)
 Metaspace       used 58503K, committed 59776K, reserved 1114112K
  class space    used 6387K, committed 6976K, reserved 1048576K
}
Event: 181.571 GC heap after
{Heap after GC invocations=37 (full 2):
 PSYoungGen      total 22016K, used 416K [0x00000000d5580000, 0x00000000d6d80000, 0x0000000100000000)
  eden space 20480K, 0% used [0x00000000d5580000,0x00000000d5580000,0x00000000d6980000)
  from space 1536K, 27% used [0x00000000d6b00000,0x00000000d6b68000,0x00000000d6c80000)
  to   space 1024K, 0% used [0x00000000d6c80000,0x00000000d6c80000,0x00000000d6d80000)
 ParOldGen       total 68608K, used 51617K [0x0000000080000000, 0x0000000084300000, 0x00000000d5580000)
  object space 68608K, 75% used [0x0000000080000000,0x00000000832684b8,0x0000000084300000)
 Metaspace       used 58503K, committed 59776K, reserved 1114112K
  class space    used 6387K, committed 6976K, reserved 1048576K
}
Event: 181.572 GC heap before
{Heap before GC invocations=38 (full 3):
 PSYoungGen      total 22016K, used 416K [0x00000000d5580000, 0x00000000d6d80000, 0x0000000100000000)
  eden space 20480K, 0% used [0x00000000d5580000,0x00000000d5580000,0x00000000d6980000)
  from space 1536K, 27% used [0x00000000d6b00000,0x00000000d6b68000,0x00000000d6c80000)
  to   space 1024K, 0% used [0x00000000d6c80000,0x00000000d6c80000,0x00000000d6d80000)
 ParOldGen       total 68608K, used 51617K [0x0000000080000000, 0x0000000084300000, 0x00000000d5580000)
  object space 68608K, 75% used [0x0000000080000000,0x00000000832684b8,0x0000000084300000)
 Metaspace       used 58503K, committed 59776K, reserved 1114112K
  class space    used 6387K, committed 6976K, reserved 1048576K
}
Event: 182.327 GC heap after
{Heap after GC invocations=38 (full 3):
 PSYoungGen      total 22016K, used 0K [0x00000000d5580000, 0x00000000d6d80000, 0x0000000100000000)
  eden space 20480K, 0% used [0x00000000d5580000,0x00000000d5580000,0x00000000d6980000)
  from space 1536K, 0% used [0x00000000d6b00000,0x00000000d6b00000,0x00000000d6c80000)
  to   space 1024K, 0% used [0x00000000d6c80000,0x00000000d6c80000,0x00000000d6d80000)
 ParOldGen       total 68608K, used 46138K [0x0000000080000000, 0x0000000084300000, 0x00000000d5580000)
  object space 68608K, 67% used [0x0000000080000000,0x0000000082d0e968,0x0000000084300000)
 Metaspace       used 58503K, committed 59776K, reserved 1114112K
  class space    used 6387K, committed 6976K, reserved 1048576K
}

